# JRE version: Java(TM) SE Runtime Environment (8.0_191-b12) (build 1.8.0_191-b12)
# Java VM: Java HotSpot(TM) 64-Bit Server VM (25.191-b12 mixed mode windows-amd64 compressed oops)
Heap:
 PSYoungGen      total 143360K, used 90011K [0x000000076b700000, 0x000000077b300000, 0x00000007c0000000)
  eden space 102912K, 48% used [0x000000076b700000,0x000000076e7a6ed8,0x0000000771b80000)
  from space 40448K, 99% used [0x0000000778b80000,0x000000077b2bfd28,0x000000077b300000)
  to   space 53760K, 0% used [0x0000000774a00000,0x0000000774a00000,0x0000000777e80000)
 ParOldGen       total 211968K, used 80775K [0x00000006c2400000, 0x00000006cf300000, 0x000000076b700000)
  object space 211968K, 38% used [0x00000006c2400000,0x00000006c72e1ed8,0x00000006cf300000)
 Metaspace       used 20569K, capacity 20916K, committed 21120K, reserved 1067008K
  class space    used 2491K, capacity 2583K, committed 2688K, reserved 1048576K
GC Heap History (10 events):
Event: 3.527 GC heap before
{Heap before GC invocations=5 (full 0):
 PSYoungGen      total 75776K, used 74621K [0x000000076b700000, 0x0000000770b80000, 0x00000007c0000000)
  eden space 65024K, 98% used [0x000000076b700000,0x000000076f563e00,0x000000076f680000)
  from space 10752K, 99% used [0x0000000770100000,0x0000000770b7b960,0x0000000770b80000)
  to   space 10752K, 0% used [0x000000076f680000,0x000000076f680000,0x0000000770100000)
 ParOldGen       total 173568K, used 107104K [0x00000006c2400000, 0x00000006ccd80000, 0x000000076b700000)
  object space 173568K, 61% used [0x00000006c2400000,0x00000006c8c980c8,0x00000006ccd80000)
 Metaspace       used 19595K, capacity 19926K, committed 20352K, reserved 1067008K
  class space    used 2471K, capacity 2578K, committed 2688K, reserved 1048576K
Event: 3.535 GC heap after
Heap after GC invocations=5 (full 0):
 PSYoungGen      total 75776K, used 10725K [0x000000076b700000, 0x000000077a000000, 0x00000007c0000000)
  eden space 65024K, 0% used [0x000000076b700000,0x000000076b700000,0x000000076f680000)
  from space 10752K, 99% used [0x000000076f680000,0x00000007700f9550,0x0000000770100000)
  to   space 54272K, 0% used [0x0000000776b00000,0x0000000776b00000,0x000000077a000000)
 ParOldGen       total 173568K, used 135106K [0x00000006c2400000, 0x00000006ccd80000, 0x000000076b700000)
  object space 173568K, 77% used [0x00000006c2400000,0x00000006ca7f0960,0x00000006ccd80000)
 Metaspace       used 19595K, capacity 19926K, committed 20352K, reserved 1067008K
  class space    used 2471K, capacity 2578K, committed 2688K, reserved 1048576K
}
Event: 3.535 GC heap before
{Heap before GC invocations=6 (full 1):
 PSYoungGen      total 75776K, used 10725K [0x000000076b700000, 0x000000077a000000, 0x00000007c0000000)
  eden space 65024K, 0% used [0x000000076b700000,0x000000076b700000,0x000000076f680000)
  from space 10752K, 99% used [0x000000076f680000,0x00000007700f9550,0x0000000770100000)
  to   space 54272K, 0% used [0x0000000776b00000,0x0000000776b00000,0x000000077a000000)
 ParOldGen       total 173568K, used 135106K [0x00000006c2400000, 0x00000006ccd80000, 0x000000076b700000)
  object space 173568K, 77% used [0x00000006c2400000,0x00000006ca7f0960,0x00000006ccd80000)
 Metaspace       used 19595K, capacity 19926K, committed 20352K, reserved 1067008K
  class space    used 2471K, capacity 2578K, committed 2688K, reserved 1048576K
Event: 3.559 GC heap after
Heap after GC invocations=6 (full 1):
 PSYoungGen      total 75776K, used 0K [0x000000076b700000, 0x000000077a000000, 0x00000007c0000000)
  eden space 65024K, 0% used [0x000000076b700000,0x000000076b700000,0x000000076f680000)
  from space 10752K, 0% used [0x000000076f680000,0x000000076f680000,0x0000000770100000)
  to   space 54272K, 0% used [0x0000000776b00000,0x0000000776b00000,0x000000077a000000)
 ParOldGen       total 211968K, used 80751K [0x00000006c2400000, 0x00000006cf300000, 0x000000076b700000)
  object space 211968K, 38% used [0x00000006c2400000,0x00000006c72dbed8,0x00000006cf300000)
 Metaspace       used 19595K, capacity 19926K, committed 20352K, reserved 1067008K
  class space    used 2471K, capacity 2578K, committed 2688K, reserved 1048576K
}
Event: 4.176 GC heap before
{Heap before GC invocations=7 (full 1):
 PSYoungGen      total 75776K, used 65024K [0x000000076b700000, 0x000000077a000000, 0x00000007c0000000)
  eden space 65024K, 100% used [0x000000076b700000,0x000000076f680000,0x000000076f680000)
  from space 10752K, 0% used [0x000000076f680000,0x000000076f680000,0x0000000770100000)
  to   space 54272K, 0% used [0x0000000776b00000,0x0000000776b00000,0x000000077a000000)
 ParOldGen       total 211968K, used 80751K [0x00000006c2400000, 0x00000006cf300000, 0x000000076b700000)
  object space 211968K, 38% used [0x00000006c2400000,0x00000006c72dbed8,0x00000006cf300000)
 Metaspace       used 19731K, capacity 20054K, committed 20352K, reserved 1067008K
  class space    used 2472K, capacity 2578K, committed 2688K, reserved 1048576K
Event: 4.179 GC heap after
Heap after GC invocations=7 (full 1):
 PSYoungGen      total 137216K, used 21696K [0x000000076b700000, 0x0000000778a00000, 0x00000007c0000000)
  eden space 105472K, 0% used [0x000000076b700000,0x000000076b700000,0x0000000771e00000)
  from space 31744K, 68% used [0x0000000776b00000,0x0000000778030360,0x0000000778a00000)
  to   space 55296K, 0% used [0x0000000771e00000,0x0000000771e00000,0x0000000775400000)
 ParOldGen       total 211968K, used 80759K [0x00000006c2400000, 0x00000006cf300000, 0x000000076b700000)
  object space 211968K, 38% used [0x00000006c2400000,0x00000006c72dded8,0x00000006cf300000)
 Metaspace       used 19731K, capacity 20054K, committed 20352K, reserved 1067008K
  class space    used 2472K, capacity 2578K, committed 2688K, reserved 1048576K
}
Event: 62.193 GC heap before
{Heap before GC invocations=8 (full 1):
 PSYoungGen      total 137216K, used 127168K [0x000000076b700000, 0x0000000778a00000, 0x00000007c0000000)
  eden space 105472K, 100% used [0x000000076b700000,0x0000000771e00000,0x0000000771e00000)
  from space 31744K, 68% used [0x0000000776b00000,0x0000000778030360,0x0000000778a00000)
  to   space 55296K, 0% used [0x0000000771e00000,0x0000000771e00000,0x0000000775400000)
 ParOldGen       total 211968K, used 80759K [0x00000006c2400000, 0x00000006cf300000, 0x000000076b700000)
  object space 211968K, 38% used [0x00000006c2400000,0x00000006c72dded8,0x00000006cf300000)
 Metaspace       used 20443K, capacity 20788K, committed 21120K, reserved 1067008K
  class space    used 2491K, capacity 2583K, committed 2688K, reserved 1048576K
Event: 62.201 GC heap after
Heap after GC invocations=8 (full 1):
 PSYoungGen      total 160768K, used 37559K [0x000000076b700000, 0x000000077c000000, 0x00000007c0000000)
  eden space 105472K, 0% used [0x000000076b700000,0x000000076b700000,0x0000000771e00000)
  from space 55296K, 67% used [0x0000000771e00000,0x00000007742adc30,0x0000000775400000)
  to   space 53760K, 0% used [0x0000000778b80000,0x0000000778b80000,0x000000077c000000)
 ParOldGen       total 211968K, used 80767K [0x00000006c2400000, 0x00000006cf300000, 0x000000076b700000)
  object space 211968K, 38% used [0x00000006c2400000,0x00000006c72dfed8,0x00000006cf300000)
 Metaspace       used 20443K, capacity 20788K, committed 21120K, reserved 1067008K
  class space    used 2491K, capacity 2583K, committed 2688K, reserved 1048576K
}
Event: 122.353 GC heap before
{Heap before GC invocations=9 (full 1):
 PSYoungGen      total 160768K, used 143031K [0x000000076b700000, 0x000000077c000000, 0x00000007c0000000)
  eden space 105472K, 100% used [0x000000076b700000,0x0000000771e00000,0x0000000771e00000)
  from space 55296K, 67% used [0x0000000771e00000,0x00000007742adc30,0x0000000775400000)
  to   space 53760K, 0% used [0x0000000778b80000,0x0000000778b80000,0x000000077c000000)
 ParOldGen       total 211968K, used 80767K [0x00000006c2400000, 0x00000006cf300000, 0x000000076b700000)
  object space 211968K, 38% used [0x00000006c2400000,0x00000006c72dfed8,0x00000006cf300000)
 Metaspace       used 20551K, capacity 20852K, committed 21120K, reserved 1067008K
  class space    used 2491K, capacity 2583K, committed 2688K, reserved 1048576K
Event: 122.360 GC heap after
Heap after GC invocations=9 (full 1):
 PSYoungGen      total 143360K, used 40191K [0x000000076b700000, 0x000000077b300000, 0x00000007c0000000)
  eden space 102912K, 0% used [0x000000076b700000,0x000000076b700000,0x0000000771b80000)
  from space 40448K, 99% used [0x0000000778b80000,0x000000077b2bfd28,0x000000077b300000)
  to   space 53760K, 0% used [0x0000000774a00000,0x0000000774a00000,0x0000000777e80000)
 ParOldGen       total 211968K, used 80775K [0x00000006c2400000, 0x00000006cf300000, 0x000000076b700000)
  object space 211968K, 38% used [0x00000006c2400000,0x00000006c72e1ed8,0x00000006cf300000)
 Metaspace       used 20551K, capacity 20852K, committed 21120K, reserved 1067008K
  class space    used 2491K, capacity 2583K, committed 2688K, reserved 1048576K
}

